\BOOKMARK [-1][-]{part.1}{\376\377\000I\000\040\145\271\154\325\173\200\116\313}{}% 1
\BOOKMARK [0][-]{chapter.1}{\376\377\117\341\156\220\123\213\177\051\145\271\154\325\133\146\116\140}{part.1}% 2
\BOOKMARK [1][-]{section.1.1}{\376\377\127\372\116\216\133\127\121\170\166\204\117\341\156\220\177\026\170\001\145\271\154\325}{chapter.1}% 3
\BOOKMARK [1][-]{section.1.2}{\376\377\122\006\136\003\137\017\117\341\156\220\177\026\170\001\000\050\000d\000i\000s\000t\000r\000i\000b\000u\000t\000e\000d\000\040\000s\000o\000u\000r\000c\000e\000\040\000c\000o\000d\000i\000n\000g\000\040\000\050\000D\000S\000C\000\051\000\051}{chapter.1}% 4
\BOOKMARK [1][-]{section.1.3}{\376\377\166\370\121\163\140\047\152\041\127\213}{chapter.1}% 5
\BOOKMARK [1][-]{section.1.4}{\376\377\122\006\136\003\137\017\123\213\177\051\141\037\167\345\000\050\000D\000i\000s\000t\000r\000i\000b\000u\000t\000e\000d\000\040\000C\000o\000m\000p\000r\000e\000s\000s\000i\000v\000e\000\040\000S\000e\000n\000s\000i\000n\000g\000\050\000D\000C\000S\000\051\000\051}{chapter.1}% 6
\BOOKMARK [1][-]{section.1.5}{\376\377\225\356\230\230\140\073\176\323\124\214\140\035\200\003}{chapter.1}% 7
\BOOKMARK [0][-]{chapter.2}{\376\377\117\341\156\220\166\370\121\163\140\047\136\372\152\041\000C\000o\000r\000r\000e\000l\000a\000t\000i\000o\000n\000\040\000M\000o\000d\000e\000l\000i\000n\000g}{part.1}% 8
\BOOKMARK [1][-]{section.2.1}{\376\377\000B\000a\000s\000i\000s}{chapter.2}% 9
\BOOKMARK [1][-]{section.2.2}{\376\377\000C\000o\000p\000u\000l\000a\000s\000\040\000F\000u\000n\000c\000t\000i\000o\000n\000\040\000\050\000C\000F\000\051}{chapter.2}% 10
\BOOKMARK [2][-]{subsection.2.2.1}{\376\377\000C\000F\127\372\147\054\151\202\137\365}{section.2.2}% 11
\BOOKMARK [2][-]{subsection.2.2.2}{\376\377\000S\000k\000l\000a\000r\000'\000s\000\040\000T\000h\000e\000o\000r\000e\000m}{section.2.2}% 12
\BOOKMARK [2][-]{subsection.2.2.3}{\376\377\000C\000o\000p\000u\000l\000a\166\204\221\315\211\201\140\047\215\050}{section.2.2}% 13
\BOOKMARK [2][-]{subsection.2.2.4}{\376\377\000F\000r\000c\000h\000e\000t\000-\000H\000o\000e\000f\000f\000d\000i\000n\000g\000\040\000B\000o\000u\000n\000d\000s\000\040\000f\000o\000r\000\040\000J\000o\000i\000n\000t\000\040\000D\000i\000s\000t\000r\000i\000b\000u\000t\000i\000o\000n\000\040\000F\000u\000n\000c\000t\000i\000o\000n\000s}{section.2.2}% 14
\BOOKMARK [2][-]{subsection.2.2.5}{\376\377\000S\000u\000r\000v\000i\000v\000a\000l\000\040\000C\000o\000p\000u\000l\000a\000s}{section.2.2}% 15
\BOOKMARK [2][-]{subsection.2.2.6}{\376\377\000S\000y\000m\000m\000e\000t\000r\000i\000c\000\040\000a\000n\000d\000\040\000O\000r\000d\000e\000r\000i\000n\000g}{section.2.2}% 16
\BOOKMARK [2][-]{subsection.2.2.7}{\376\377\226\217\147\072\123\330\221\317\166\204\165\037\142\020}{section.2.2}% 17
\BOOKMARK [2][-]{subsection.2.2.8}{\376\377\131\032\123\330\221\317\000c\000o\000p\000u\000l\000a}{section.2.2}% 18
\BOOKMARK [2][-]{subsection.2.2.9}{\376\377\217\271\177\030\176\337\213\241\000\050\000M\000a\000r\000g\000i\000n\000a\000l\000\040\000S\000t\000a\000t\000i\000s\000t\000i\000c\000s\000\051}{section.2.2}% 19
\BOOKMARK [2][-]{subsection.2.2.10}{\376\377\000C\000o\000p\000u\000l\000a\152\041\127\213\117\060\213\241}{section.2.2}% 20
\BOOKMARK [1][-]{section.2.3}{\376\377\000D\000e\000p\000e\000n\000d\000e\000n\000c\000e\000\050\166\370\121\163\140\047\000\051}{chapter.2}% 21
\BOOKMARK [2][-]{subsection.2.3.1}{\376\377\127\372\147\054\151\202\137\365}{section.2.3}% 22
\BOOKMARK [2][-]{subsection.2.3.2}{\376\377\000C\000o\000n\000c\000o\000r\000d\000a\000n\000c\000e\000\050\214\003\124\214\140\047\000\051}{section.2.3}% 23
\BOOKMARK [3][-]{subsubsection.2.3.2.1}{\376\377\000K\000e\000n\000d\000a\000l\000l\000'\000s\000\040\000\050\000\051}{subsection.2.3.2}% 24
\BOOKMARK [3][-]{subsubsection.2.3.2.2}{\376\377\000P\000e\000a\000r\000s\000o\000n\000'\000s\000\040}{subsection.2.3.2}% 25
\BOOKMARK [3][-]{subsubsection.2.3.2.3}{\376\377\000S\000p\000e\000a\000r\000m\000a\000n\000'\000s\000\040\000r\000h\000o\000\040\000\050\000\051}{subsection.2.3.2}% 26
\BOOKMARK [3][-]{subsubsection.2.3.2.4}{\376\377\124\214\166\204\121\163\174\373}{subsection.2.3.2}% 27
\BOOKMARK [3][-]{subsubsection.2.3.2.5}{\376\377\121\166\116\326\166\204\116\000\201\364\140\047\155\113\221\317\145\271\154\325}{subsection.2.3.2}% 28
\BOOKMARK [2][-]{subsection.2.3.3}{\376\377\166\370\121\163\140\047\166\204\140\047\215\050}{section.2.3}% 29
\BOOKMARK [3][-]{subsubsection.2.3.3.1}{\376\377\214\141\226\120\166\370\121\163\000\050\000Q\000u\000a\000d\000r\000a\000n\000t\000\040\000D\000e\000p\000e\000n\000d\000e\000n\000c\000e\000\051}{subsection.2.3.3}% 30
\BOOKMARK [3][-]{subsubsection.2.3.3.2}{\376\377\000\050\134\076\123\125\214\003\000\051\000T\000a\000i\000l\000\040\000M\000o\000n\000o\000t\000o\000n\000i\000c\000i\000t\000y}{subsection.2.3.3}% 31
\BOOKMARK [1][-]{section.2.4}{\376\377\121\163\116\216\123\330\143\142}{chapter.2}% 32
\BOOKMARK [1][-]{section.2.5}{\376\377\121\340\171\315\133\236\226\105\136\372\152\041\166\204\155\101\172\013}{chapter.2}% 33
\BOOKMARK [2][-]{subsection.2.5.1}{\376\377\000I\000n\000d\000e\000p\000e\000n\000d\000e\000n\000t\000\040\000C\000o\000p\000u\000l\000a}{section.2.5}% 34
\BOOKMARK [2][-]{subsection.2.5.2}{\376\377\000G\000a\000u\000s\000s\000i\000a\000n\000\040\000C\000o\000p\000u\000l\000a}{section.2.5}% 35
\BOOKMARK [2][-]{subsection.2.5.3}{\376\377\000A\000r\000c\000h\000i\000m\000e\000d\000e\000a\000n\000\040\000C\000o\000p\000u\000l\000a}{section.2.5}% 36
\BOOKMARK [2][-]{subsection.2.5.4}{\376\377\000F\000r\000a\000n\000k\000\040\000C\000o\000p\000u\000l\000a}{section.2.5}% 37
\BOOKMARK [2][-]{subsection.2.5.5}{\376\377\000G\000u\000m\000b\000e\000l\000\040\000C\000o\000p\000u\000l\000a}{section.2.5}% 38
\BOOKMARK [2][-]{subsection.2.5.6}{\376\377\000F\000a\000r\000l\000i\000e\000-\000G\000u\000m\000b\000e\000l\000-\000M\000o\000r\000g\000e\000n\000s\000t\000e\000r\000n\000\040\000C\000o\000p\000u\000l\000a}{section.2.5}% 39
\BOOKMARK [-1][-]{part.2}{\376\377\000I\000I\000\040\121\167\117\123\145\207\172\340\122\006\147\220}{}% 40
\BOOKMARK [0][-]{chapter.3}{\376\377\000E\000n\000h\000a\000n\000c\000e\000d\000\040\000C\000o\000r\000r\000e\000l\000a\000t\000i\000o\000n\000\040\000E\000s\000t\000i\000m\000a\000t\000o\000r\000s\000\040\000f\000o\000r\000\040\000D\000i\000s\000t\000r\000i\000b\000u\000t\000e\000d\000\040\000S\000o\000u\000r\000c\000e\000\040\000C\000o\000d\000i\000n\000g\000\040\000i\000n\000\040\000L\000a\000r\000g\000e\000\040\000W\000i\000r\000e\000l\000e\000s\000s\000\040\000S\000e\000n\000s\000o\000r\000\040\000N\000e\000t\000w\000o\000r\000k\000s}{part.2}% 41
\BOOKMARK [1][-]{section.3.1}{\376\377\000C\000o\000r\000r\000e\000l\000a\000t\000i\000o\000n\000\040\000M\000t\000r\000i\000x}{chapter.3}% 42
\BOOKMARK [2][-]{subsection.3.1.1}{\376\377\000P\000r\000o\000p\000e\000r\000t\000i\000e\000s\000\040\000o\000f\000\040\000t\000h\000e\000\040\000C\000o\000r\000r\000e\000l\000a\000t\000i\000o\000n\000\040\000M\000a\000t\000r\000i\000x}{section.3.1}% 43
\BOOKMARK [1][-]{section.3.2}{\376\377\000S\000t\000i\000e\000l\000t\000j\000e\000s\000\040\000t\000r\000a\000n\000s\000f\000o\000r\000m}{chapter.3}% 44
\BOOKMARK [1][-]{section.3.3}{\376\377\000C\000o\000m\000p\000u\000t\000e\000\040\000t\000h\000e\000\040\000S\000i\000d\000e\000-\000i\000n\000f\000o\000r\000m\000a\000t\000i\000o\000n\000\040\000y\000\050\000n\000\051}{chapter.3}% 45
\BOOKMARK [0][-]{chapter*.2}{\376\377\123\302\200\003\145\207\163\056}{part.2}% 46
