\BOOKMARK [1][-]{section.1}{Introduction}{}% 1
\BOOKMARK [2][-]{subsection.1.1}{Distributed\040source\040coding}{section.1}% 2
\BOOKMARK [2][-]{subsection.1.2}{Compressive\040sensing\040\(CS\)}{section.1}% 3
\BOOKMARK [2][-]{subsection.1.3}{Distributed\040compressive\040sensing\040\(DCS\)}{section.1}% 4
\BOOKMARK [1][-]{section.2}{Compressive\040Sensing\040Background}{}% 5
\BOOKMARK [2][-]{subsection.2.1}{Transform\040coding}{section.2}% 6
\BOOKMARK [2][-]{subsection.2.2}{Incoherent\040projections}{section.2}% 7
\BOOKMARK [2][-]{subsection.2.3}{Signal\040recovery\040via\0400-norm\040minimization}{section.2}% 8
\BOOKMARK [2][-]{subsection.2.4}{Signal\040recovery\040via\0401-norm\040minimization}{section.2}% 9
\BOOKMARK [2][-]{subsection.2.5}{Signal\040recovery\040via\040greedy\040pursuit}{section.2}% 10
\BOOKMARK [2][-]{subsection.2.6}{Properties\040of\040random\040measurements}{section.2}% 11
\BOOKMARK [1][-]{section.3}{Joint\040Sparsity\040Signal\040Models}{}% 12
\BOOKMARK [2][-]{subsection.3.1}{Notation}{section.3}% 13
\BOOKMARK [2][-]{subsection.3.2}{General\040framework\040for\040joint\040sparsity}{section.3}% 14
\BOOKMARK [2][-]{subsection.3.3}{Example\040joint\040sparsity\040models}{section.3}% 15
\BOOKMARK [3][-]{subsubsection.3.3.1}{JSM-1: Sparse common component + innovations]\(共性部分和个性部分是可稀疏的\)}{subsection.3.3}% 16
\BOOKMARK [3][-]{subsubsection.3.3.2}{JSM-2:\040Common\040sparse\040supports}{subsection.3.3}% 17
\BOOKMARK [3][-]{subsubsection.3.3.3}{JSM-3:\040Nonsparse\040common\040component\040+\040sparse\040innovations}{subsection.3.3}% 18
\BOOKMARK [1][-]{section.4}{Theoretical\040Bounds\040on\040Measurement\040Rates}{}% 19
\BOOKMARK [2][-]{subsection.4.1}{Modeling\040dependencies\040using\040bipartite\040graphs}{section.4}% 20
\BOOKMARK [2][-]{subsection.4.2}{Quantifying\040redundancies}{section.4}% 21
\BOOKMARK [1][-]{section*.2}{参考文献}{}% 22
