\BOOKMARK [0][-]{chapter.1}{Study\040on\040``An\040Introduction\040To\040Compressive\040Sampling''Candes2008}{}% 1
\BOOKMARK [1][-]{section.1.1}{The\040Sensing\040Problem}{chapter.1}% 2
\BOOKMARK [1][-]{section.1.2}{Incoherence\040and\040The\040Sensing\040of\040Sparse\040Signals}{chapter.1}% 3
\BOOKMARK [2][-]{subsection.1.2.1}{Sparsity}{section.1.2}% 4
\BOOKMARK [2][-]{subsection.1.2.2}{Incoherent\040Sampling}{section.1.2}% 5
\BOOKMARK [2][-]{subsection.1.2.3}{Undersampling\040and\040Sparse\040Signal\040Recovery}{section.1.2}% 6
\BOOKMARK [1][-]{section.1.3}{Robust\040Compressive\040Sampling}{chapter.1}% 7
\BOOKMARK [2][-]{subsection.1.3.1}{Restricted\040Isometries\040\(s2.3.2,s5.2.4\)}{section.1.3}% 8
\BOOKMARK [2][-]{subsection.1.3.2}{General\040Signal\040Recovery\040From\040Undersampled\040Data}{section.1.3}% 9
\BOOKMARK [2][-]{subsection.1.3.3}{Robust\040Signal\040Recovery\040From\040Noisy\040Data}{section.1.3}% 10
\BOOKMARK [1][-]{section.1.4}{Random\040Sensing}{chapter.1}% 11
\BOOKMARK [1][-]{section.1.5}{What\040is\040Compressive\040Sampling}{chapter.1}% 12
\BOOKMARK [1][-]{section.1.6}{Applications}{chapter.1}% 13
\BOOKMARK [0][-]{chapter.2}{``Compressive\040Sampling''\040Notes}{}% 14
\BOOKMARK [1][-]{section.2.1}{Introduction}{chapter.2}% 15
\BOOKMARK [1][-]{section.2.2}{Undersampled\040Measurements}{chapter.2}% 16
\BOOKMARK [2][-]{subsection.2.2.1}{A\040nonlinear\040sampling\040theorem}{section.2.2}% 17
\BOOKMARK [2][-]{subsection.2.2.2}{Background}{section.2.2}% 18
\BOOKMARK [2][-]{subsection.2.2.3}{Undersampling\040Structured\040Signals}{section.2.2}% 19
\BOOKMARK [1][-]{section.2.3}{The\040Mathematics\040Of\040Compressive\040Sampling}{chapter.2}% 20
\BOOKMARK [2][-]{subsection.2.3.1}{Sparsity\040And\040Incoherence}{section.2.3}% 21
\BOOKMARK [2][-]{subsection.2.3.2}{Recovery\040of\040Sparse\040Signals\040\(s1.3.1,s5.2.4\)}{section.2.3}% 22
\BOOKMARK [2][-]{subsection.2.3.3}{Recovery\040of\040Compressible\040Signals}{section.2.3}% 23
\BOOKMARK [0][-]{chapter.3}{``Compressed\040Sensing''\040Notes}{}% 24
\BOOKMARK [1][-]{section.3.1}{abstract}{chapter.3}% 25
\BOOKMARK [0][-]{chapter.4}{Atomic\040Decomposition\040by\040Basis\040Pursuit}{}% 26
\BOOKMARK [1][-]{section.4.1}{Abstract}{chapter.4}% 27
\BOOKMARK [0][-]{chapter.5}{Decoding\040by\040Linear\040Programming}{}% 28
\BOOKMARK [1][-]{section.5.1}{Abstract}{chapter.5}% 29
\BOOKMARK [1][-]{section.5.2}{Introduction}{chapter.5}% 30
\BOOKMARK [2][-]{subsection.5.2.1}{Decoding\040of\040Linear\040Codes}{section.5.2}% 31
\BOOKMARK [2][-]{subsection.5.2.2}{Sparse\040Solutions\040to\040Underdetermined\040Systems}{section.5.2}% 32
\BOOKMARK [2][-]{subsection.5.2.3}{Innovations}{section.5.2}% 33
\BOOKMARK [2][-]{subsection.5.2.4}{Restricted\040isometries\040\(s2.3.2,s1.3.1\)}{section.5.2}% 34
\BOOKMARK [2][-]{subsection.5.2.5}{Main\040Results}{section.5.2}% 35
\BOOKMARK [0][-]{chapter.6}{Stable\040Signal\040Recovery\040from\040Incomplete\040and\040Incaccurate\040measurements}{}% 36
\BOOKMARK [0][-]{chapter*.2}{Bibliography}{}% 37
