\BOOKMARK [0][-]{chapter.1}{Math\040Basics}{}% 1
\BOOKMARK [1][-]{section.1.1}{Background\040in\040Linear\040Algebra}{chapter.1}% 2
\BOOKMARK [2][-]{subsection.1.1.1}{Types\040of\040Matrices}{section.1.1}% 3
\BOOKMARK [1][-]{section.1.2}{Moore-Penrose\040pseudoinverse}{chapter.1}% 4
\BOOKMARK [2][-]{subsection.1.2.1}{Notation}{section.1.2}% 5
\BOOKMARK [2][-]{subsection.1.2.2}{Definition}{section.1.2}% 6
\BOOKMARK [2][-]{subsection.1.2.3}{Properties}{section.1.2}% 7
\BOOKMARK [2][-]{subsection.1.2.4}{Reduction\040to\040Hermitian\040case}{section.1.2}% 8
\BOOKMARK [2][-]{subsection.1.2.5}{Products}{section.1.2}% 9
\BOOKMARK [1][-]{section.1.3}{Basic\040Algorithms}{chapter.1}% 10
\BOOKMARK [2][-]{subsection.1.3.1}{Optimization\040Methods}{section.1.3}% 11
\BOOKMARK [2][-]{subsection.1.3.2}{Greedy\040Methods}{section.1.3}% 12
\BOOKMARK [2][-]{subsection.1.3.3}{Thresholding-Based\040Methods}{section.1.3}% 13
\BOOKMARK [2][-]{subsection.1.3.4}{Notes}{section.1.3}% 14
\BOOKMARK [1][-]{section.1.4}{Basis\040Pursuit}{chapter.1}% 15
\BOOKMARK [2][-]{subsection.1.4.1}{Null\040Space\040Property}{section.1.4}% 16
\BOOKMARK [2][-]{subsection.1.4.2}{Stability}{section.1.4}% 17
\BOOKMARK [2][-]{subsection.1.4.3}{Robustness}{section.1.4}% 18
\BOOKMARK [2][-]{subsection.1.4.4}{Recovery\040of\040Individual\040Vectors}{section.1.4}% 19
\BOOKMARK [2][-]{subsection.1.4.5}{The\040Projected\040Cross-Polytope}{section.1.4}% 20
\BOOKMARK [2][-]{subsection.1.4.6}{Low-Rank\040Matrix\040Recovery}{section.1.4}% 21
\BOOKMARK [2][-]{subsection.1.4.7}{Notes}{section.1.4}% 22
\BOOKMARK [0][-]{chapter.2}{Coherence}{}% 23
\BOOKMARK [1][-]{section.2.1}{Definitions\040and\040Basic\040Properties}{chapter.2}% 24
\BOOKMARK [1][-]{section.2.2}{Matrices\040with\040Small\040Coherence}{chapter.2}% 25
\BOOKMARK [2][-]{subsection.2.2.1}{Analysis\040of\040Orthogonal\040Matching\040Pursuit}{section.2.2}% 26
\BOOKMARK [2][-]{subsection.2.2.2}{Analysis\040of\040Basis\040Pursuit}{section.2.2}% 27
\BOOKMARK [2][-]{subsection.2.2.3}{Analysis\040of\040Thresholding\040Algorithms}{section.2.2}% 28
\BOOKMARK [0][-]{chapter.3}{Restricted\040isometry\040constants\040and\040restricted\040orthogonality\040constants}{}% 29
\BOOKMARK [1][-]{section.3.1}{Definitions\040and\040Basic\040Properties}{chapter.3}% 30
\BOOKMARK [1][-]{section.3.2}{Analysis\040of\040Basis\040Pursuit}{chapter.3}% 31
\BOOKMARK [0][-]{chapter.4}{Math\040basic:\040John-Lindenstrauss\040lemma}{}% 32
\BOOKMARK [1][-]{section.4.1}{Lemma}{chapter.4}% 33
\BOOKMARK [0][-]{chapter.5}{A\040simple\040proof\040of\040the\040restricted\040isometry\040property\040for\040random\040matrics}{}% 34
\BOOKMARK [0][-]{chapter.6}{The\040restricted\040isometry\040property\040and\040its\040implications\040for\040compressed\040sensing}{}% 35
\BOOKMARK [0][-]{chapter*.27}{Bibliography}{}% 36
