\BOOKMARK [0][-]{chapter.1}{集论初步}{}% 1
\BOOKMARK [1][-]{section.1.1}{映射.分类}{chapter.1}% 2
\BOOKMARK [2][-]{subsection.1.1.1}{分类.等价关系}{section.1.1}% 3
\BOOKMARK [0][-]{chapter.2}{度量空间与拓扑空间}{}% 4
\BOOKMARK [1][-]{section.2.1}{度量空间的概念}{chapter.2}% 5
\BOOKMARK [2][-]{subsection.2.1.1}{定义与基本例子}{section.2.1}% 6
\BOOKMARK [2][-]{subsection.2.1.2}{度量空间的连续映射、等距}{section.2.1}% 7
\BOOKMARK [1][-]{section.2.2}{收敛性、开集与闭集}{chapter.2}% 8
\BOOKMARK [2][-]{subsection.2.2.1}{极限点.闭包}{section.2.2}% 9
\BOOKMARK [2][-]{subsection.2.2.2}{收敛性}{section.2.2}% 10
\BOOKMARK [2][-]{subsection.2.2.3}{稠密子集}{section.2.2}% 11
\BOOKMARK [2][-]{subsection.2.2.4}{开集与闭集}{section.2.2}% 12
\BOOKMARK [1][-]{section.2.3}{完备度量空间}{chapter.2}% 13
\BOOKMARK [2][-]{subsection.2.3.1}{完备度量空间的定义和例子}{section.2.3}% 14
\BOOKMARK [2][-]{subsection.2.3.2}{球套定理}{section.2.3}% 15
\BOOKMARK [2][-]{subsection.2.3.3}{贝尔（Baire）定理}{section.2.3}% 16
\BOOKMARK [2][-]{subsection.2.3.4}{空间的完备化}{section.2.3}% 17
\BOOKMARK [1][-]{section.2.4}{压缩映射原理及应用}{chapter.2}% 18
\BOOKMARK [2][-]{subsection.2.4.1}{压缩映射原理}{section.2.4}% 19
\BOOKMARK [2][-]{subsection.2.4.2}{压缩映射原理最简单的一些应用}{section.2.4}% 20
\BOOKMARK [2][-]{subsection.2.4.3}{微分方程的存在性与唯一性定理}{section.2.4}% 21
\BOOKMARK [2][-]{subsection.2.4.4}{压缩映射原理应用于积分方程}{section.2.4}% 22
\BOOKMARK [1][-]{section.2.5}{拓扑空间*}{chapter.2}% 23
\BOOKMARK [2][-]{subsection.2.5.1}{拓扑空间的定义与例子}{section.2.5}% 24
\BOOKMARK [2][-]{subsection.2.5.2}{拓扑的比较}{section.2.5}% 25
\BOOKMARK [0][-]{chapter.3}{欧几里得空间和希尔伯特空间}{}% 26
\BOOKMARK [0][-]{chapter*.3}{Bibliography}{}% 27
