This is pdfTeX, Version 3.14159265-2.6-1.40.16 (TeX Live 2015) (preloaded format=pdftex 2015.10.29)  30 NOV 2015 10:37
entering extended mode
 restricted \write18 enabled.
 file:line:error style messages enabled.
 %&-line parsing enabled.
**/Users/DongboHuang/Documents/Notes/SW/notes/mathbasis.tex
(/Users/DongboHuang/Documents/Notes/SW/notes/mathbasis.tex
/Users/DongboHuang/Documents/Notes/SW/notes/mathbasis.tex:1: Undefined control sequence.
l.1 \chapter
            {‰ø°Ê∫êÁõ∏ÂÖ≥ÊÄßÂª∫Ê®°Correlation Modeling}
The control sequence at the end of the top line
of your error message was never \def'ed. If you have
misspelled it (e.g., `\hobx'), type `I' and the correct
spelling (e.g., `I\hbox'). Otherwise just continue,
and I'll forget about whatever was undefined.

Missing character: There is no ‰ in font cmr10!
Missing character: There is no ø in font cmr10!
Missing character: There is no ° in font cmr10!
Missing character: There is no Ê in font cmr10!
Missing character: There is no ∫ in font cmr10!
Missing character: There is no ê in font cmr10!
Missing character: There is no Á in font cmr10!
Missing character: There is no õ in font cmr10!
Missing character: There is no ∏ in font cmr10!
Missing character: There is no Â in font cmr10!
Missing character: There is no Ö in font cmr10!
Missing character: There is no ≥ in font cmr10!
Missing character: There is no Ê in font cmr10!
Missing character: There is no Ä in font cmr10!
Missing character: There is no ß in font cmr10!
Missing character: There is no Â in font cmr10!
Missing character: There is no ª in font cmr10!
Missing character: There is no ∫ in font cmr10!
Missing character: There is no Ê in font cmr10!
Missing character: There is no ® in font cmr10!
Missing character: There is no ° in font cmr10!
Missing character: There is no ‰ in font cmr10!
Missing character: There is no Ω in font cmr10!
Missing character: There is no ø in font cmr10!
Missing character: There is no Á in font cmr10!
Missing character: There is no î in font cmr10!
Missing character: There is no ® in font cmr10!
Missing character: There is no Ë in font cmr10!
Missing character: There is no ø in font cmr10!
Missing character: There is no õ in font cmr10!
Missing character: There is no Ë in font cmr10!
Missing character: There is no ° in font cmr10!
Missing character: There is no å in font cmr10!
Missing character: There is no Á in font cmr10!
Missing character: There is no º in font cmr10!
Missing character: There is no ñ in font cmr10!
Missing character: There is no Á in font cmr10!
Missing character: There is no † in font cmr10!
Missing character: There is no Å in font cmr10!
Missing character: There is no Ô in font cmr10!
Missing character: There is no º in font cmr10!
Missing character: There is no å in font cmr10!
Missing character: There is no Ë in font cmr10!
Missing character: There is no ä in font cmr10!
Missing character: There is no Ç in font cmr10!
Missing character: There is no Á in font cmr10!
Missing character: There is no Ç in font cmr10!
Missing character: There is no π in font cmr10!
Missing character: There is no Á in font cmr10!
Missing character: There is no ö in font cmr10!
Missing character: There is no Ñ in font cmr10!
Missing character: There is no Ê in font cmr10!
Missing character: There is no ó in font cmr10!
Missing character: There is no ∂ in font cmr10!
Missing character: There is no Á in font cmr10!
Missing character: There is no © in font cmr10!
Missing character: There is no ∫ in font cmr10!
Missing character: There is no Á in font cmr10!
Missing character: There is no õ in font cmr10!
Missing character: There is no ∏ in font cmr10!
Missing character: There is no Â in font cmr10!
Missing character: There is no Ö in font cmr10!
Missing character: There is no ≥ in font cmr10!
Missing character: There is no Ê in font cmr10!
Missing character: There is no Ä in font cmr10!
Missing character: There is no ß in font cmr10!
Missing character: There is no Á in font cmr10!
Missing character: There is no © in font cmr10!
Missing character: There is no ∂ in font cmr10!
Missing character: There is no Á in font cmr10!
Missing character: There is no ´ in font cmr10!
Missing character: There is no ü in font cmr10!
Missing character: There is no Â in font cmr10!
Missing character: There is no ¶ in font cmr10!
Missing character: There is no Ç in font cmr10!
Missing character: There is no ‰ in font cmr10!
Missing character: There is no Ω in font cmr10!
Missing character: There is no ï in font cmr10!
Missing character: There is no ‰ in font cmr10!
Missing character: There is no Ω in font cmr10!
Missing character: There is no ì in font cmr10!
Missing character: There is no Á in font cmr10!
Missing character: There is no é in font cmr10!
Missing character: There is no ∞ in font cmr10!
Missing character: There is no Ô in font cmr10!
Missing character: There is no º in font cmr10!
Missing character: There is no ü in font cmr10!
Missing character: There is no ‰ in font cmr10!
Missing character: There is no ∏ in font cmr10!
Missing character: There is no ™ in font cmr10!
Missing character: There is no ‰ in font cmr10!
Missing character: There is no ∫ in font cmr10!
Missing character: There is no ∫ in font cmr10!
Missing character: There is no Ë in font cmr10!
Missing character: There is no Æ in font cmr10!
Missing character: There is no § in font cmr10!
Missing character: There is no ‰ in font cmr10!
Missing character: There is no ∏ in font cmr10!
Missing character: There is no ∫ in font cmr10!
Missing character: There is no Ô in font cmr10!
Missing character: There is no º in font cmr10!
Missing character: There is no å in font cmr10!
Missing character: There is no È in font cmr10!
Missing character: There is no ú in font cmr10!
Missing character: There is no Ä in font cmr10!
Missing character: There is no Ë in font cmr10!
Missing character: There is no ¶ in font cmr10!
Missing character: There is no Å in font cmr10!
Missing character: There is no Â in font cmr10!
Missing character: There is no Ö in font cmr10!
Missing character: There is no à in font cmr10!
Missing character: There is no Ê in font cmr10!
Missing character: There is no ú in font cmr10!
Missing character: There is no â in font cmr10!
Missing character: There is no Ê in font cmr10!
Missing character: There is no ó in font cmr10!
Missing character: There is no ∂ in font cmr10!
Missing character: There is no È in font cmr10!
Missing character: There is no ó in font cmr10!
Missing character: There is no ¥ in font cmr10!
Missing character: There is no Á in font cmr10!
Missing character: There is no © in font cmr10!
Missing character: There is no ∫ in font cmr10!
Missing character: There is no È in font cmr10!
Missing character: There is no ó in font cmr10!
Missing character: There is no ¥ in font cmr10!
Missing character: There is no Â in font cmr10!
Missing character: There is no ç in font cmr10!
Missing character: There is no è in font cmr10!
Missing character: There is no ‰ in font cmr10!
Missing character: There is no Ω in font cmr10!
Missing character: There is no ú in font cmr10!
Missing character: There is no Ê in font cmr10!
Missing character: There is no ¶ in font cmr10!
Missing character: There is no Ç in font cmr10!
Missing character: There is no Â in font cmr10!
Missing character: There is no ø in font cmr10!
Missing character: There is no µ in font cmr10!
Missing character: There is no Ô in font cmr10!
Missing character: There is no º in font cmr10!
Missing character: There is no å in font cmr10!
Missing character: There is no È in font cmr10!
Missing character: There is no ú in font cmr10!
Missing character: There is no Ä in font cmr10!
Missing character: There is no Ë in font cmr10!
Missing character: There is no ¶ in font cmr10!
Missing character: There is no Å in font cmr10!
Missing character: There is no Ë in font cmr10!
Missing character: There is no Ä in font cmr10!
Missing character: There is no É in font cmr10!
Missing character: There is no Ë in font cmr10!
Missing character: There is no ô in font cmr10!
Missing character: There is no ë in font cmr10!
Missing character: There is no Á in font cmr10!
Missing character: There is no ö in font cmr10!
Missing character: There is no Ñ in font cmr10!
Missing character: There is no Ê in font cmr10!
Missing character: There is no ò in font cmr10!
Missing character: There is no Ø in font cmr10!
Missing character: There is no Â in font cmr10!
Missing character: There is no ¶ in font cmr10!
Missing character: There is no Ç in font cmr10!
Missing character: There is no ‰ in font cmr10!
Missing character: There is no Ω in font cmr10!
Missing character: There is no ï in font cmr10!
Missing character: There is no Â in font cmr10!
Missing character: There is no ç in font cmr10!
Missing character: There is no è in font cmr10!
Missing character: There is no ‰ in font cmr10!
Missing character: There is no Ω in font cmr10!
Missing character: There is no ú in font cmr10!
Missing character: There is no Ô in font cmr10!
Missing character: There is no º in font cmr10!
Missing character: There is no å in font cmr10!
Missing character: There is no ‰ in font cmr10!
Missing character: There is no ∏ in font cmr10!
Missing character: There is no ™ in font cmr10!
Missing character: There is no ‰ in font cmr10!
Missing character: There is no ∫ in font cmr10!
Missing character: There is no ∫ in font cmr10!
Missing character: There is no Á in font cmr10!
Missing character: There is no ê in font cmr10!
Missing character: There is no Ü in font cmr10!
Missing character: There is no Ë in font cmr10!
Missing character: There is no ß in font cmr10!
Missing character: There is no £ in font cmr10!
/Users/DongboHuang/Documents/Notes/SW/notes/mathbasis.tex:3: Undefined control sequence.
l.3 \begin
          {quote}
The control sequence at the end of the top line
of your error message was never \def'ed. If you have
misspelled it (e.g., `\hobx'), type `I' and the correct
spelling (e.g., `I\hbox'). Otherwise just continue,
and I'll forget about whatever was undefined.

Missing character: There is no Â in font cmr10!
Missing character: There is no Å in font cmr10!
Missing character: There is no á in font cmr10!
Missing character: There is no Ë in font cmr10!
Missing character: There is no Æ in font cmr10!
Missing character: There is no æ in font cmr10!
Missing character: There is no ‰ in font cmr10!
Missing character: There is no ∏ in font cmr10!
Missing character: There is no Ä in font cmr10!
Missing character: There is no ‰ in font cmr10!
Missing character: There is no ∏ in font cmr10!
Missing character: There is no ™ in font cmr10!
Missing character: There is no Á in font cmr10!
Missing character: There is no ∞ in font cmr10!
Missing character: There is no á in font cmr10!
Missing character: There is no Â in font cmr10!
Missing character: There is no Ü in font cmr10!
Missing character: There is no Ö in font cmr10!
Missing character: There is no Ê in font cmr10!
Missing character: There is no â in font cmr10!
Missing character: There is no Ä in font cmr10!
Missing character: There is no Ê in font cmr10!
Missing character: There is no ú in font cmr10!
Missing character: There is no â in font cmr10!
Missing character: There is no Ë in font cmr10!
Missing character: There is no ä in font cmr10!
Missing character: There is no Ç in font cmr10!
Missing character: There is no Á in font cmr10!
Missing character: There is no Ç in font cmr10!
Missing character: There is no π in font cmr10!
Missing character: There is no È in font cmr10!
Missing character: There is no É in font cmr10!
Missing character: There is no Ω in font cmr10!
Missing character: There is no È in font cmr10!
Missing character: There is no Ä in font cmr10!
Missing character: There is no ö in font cmr10!
Missing character: There is no Ë in font cmr10!
Missing character: There is no ø in font cmr10!
Missing character: There is no á in font cmr10!
Missing character: There is no Â in font cmr10!
Missing character: There is no Ç in font cmr10!
Missing character: There is no ® in font cmr10!
Missing character: There is no Â in font cmr10!
Missing character: There is no ≠ in font cmr10!
Missing character: There is no ò in font cmr10!
Missing character: There is no Â in font cmr10!
Missing character: There is no â in font cmr10!
Missing character: There is no ç in font cmr10!
Missing character: There is no ‰ in font cmr10!
Missing character: There is no ∏ in font cmr10!
Missing character: There is no Ä in font cmr10!
Missing character: There is no Ê in font cmr10!
Missing character: There is no ¨ in font cmr10!
Missing character: There is no ° in font cmr10!
Missing character: There is no Ê in font cmr10!
Missing character: There is no à in font cmr10!
Missing character: There is no ñ in font cmr10!
Missing character: There is no Â in font cmr10!
Missing character: There is no á in font cmr10!
Missing character: There is no † in font cmr10!
Missing character: There is no Ê in font cmr10!
Missing character: There is no ¨ in font cmr10!
Missing character: There is no ° in font cmr10!
Missing character: There is no È in font cmr10!
Missing character: There is no á in font cmr10!
Missing character: There is no á in font cmr10!
Missing character: There is no È in font cmr10!
Missing character: There is no õ in font cmr10!
Missing character: There is no Ü in font cmr10!
Missing character: There is no Á in font cmr10!
Missing character: There is no ö in font cmr10!
Missing character: There is no Ñ in font cmr10!
Missing character: There is no ‰ in font cmr10!
Missing character: There is no ø in font cmr10!
Missing character: There is no ° in font cmr10!
Missing character: There is no Ê in font cmr10!
Missing character: There is no Å in font cmr10!
Missing character: There is no Ø in font cmr10!
Missing character: There is no Ê in font cmr10!
Missing character: There is no ó in font cmr10!
Missing character: There is no ∂ in font cmr10!
Missing character: There is no È in font cmr10!
Missing character: There is no ó in font cmr10!
Missing character: There is no ¥ in font cmr10!
Missing character: There is no Á in font cmr10!
Missing character: There is no õ in font cmr10!
Missing character: There is no ∏ in font cmr10!
Missing character: There is no Â in font cmr10!
Missing character: There is no Ö in font cmr10!
Missing character: There is no ≥ in font cmr10!
Missing character: There is no ‰ in font cmr10!
Missing character: There is no ø in font cmr10!
Missing character: There is no ° in font cmr10!
Missing character: There is no Ê in font cmr10!
Missing character: There is no Å in font cmr10!
Missing character: There is no Ø in font cmr10!
Missing character: There is no Ô in font cmr10!
Missing character: There is no º in font cmr10!
Missing character: There is no å in font cmr10!
Missing character: There is no Á in font cmr10!
Missing character: There is no ∞ in font cmr10!
Missing character: There is no á in font cmr10!
Missing character: There is no Â in font cmr10!
Missing character: There is no Ü in font cmr10!
Missing character: There is no Ö in font cmr10!
Missing character: There is no Â in font cmr10!
Missing character: There is no Ö in font cmr10!
Missing character: There is no ∂ in font cmr10!
Missing character: There is no ‰ in font cmr10!
Missing character: There is no ª in font cmr10!
Missing character: There is no ñ in font cmr10!
Missing character: There is no Ë in font cmr10!
Missing character: There is no ä in font cmr10!
Missing character: There is no Ç in font cmr10!
Missing character: There is no Á in font cmr10!
Missing character: There is no Ç in font cmr10!
Missing character: There is no π in font cmr10!
Missing character: There is no È in font cmr10!
Missing character: There is no É in font cmr10!
Missing character: There is no Ω in font cmr10!
Missing character: There is no Â in font cmr10!
Missing character: There is no à in font cmr10!
Missing character: There is no © in font cmr10!
Missing character: There is no Á in font cmr10!
Missing character: There is no î in font cmr10!
Missing character: There is no ® in font cmr10!
Missing character: There is no Á in font cmr10!
Missing character: There is no ∞ in font cmr10!
Missing character: There is no á in font cmr10!
Missing character: There is no Â in font cmr10!
Missing character: There is no § in font cmr10!
Missing character: There is no ¥ in font cmr10!
Missing character: There is no Ë in font cmr10!
Missing character: There is no ä in font cmr10!
Missing character: There is no Ç in font cmr10!
Missing character: There is no Á in font cmr10!
Missing character: There is no Ç in font cmr10!
Missing character: There is no π in font cmr10!
Missing character: There is no ‰ in font cmr10!
Missing character: There is no ø in font cmr10!
Missing character: There is no ° in font cmr10!
Missing character: There is no Ê in font cmr10!
Missing character: There is no Å in font cmr10!
Missing character: There is no Ø in font cmr10!
Missing character: There is no ‰ in font cmr10!
Missing character: There is no Ω in font cmr10!
Missing character: There is no ú in font cmr10!
Missing character: There is no ‰ in font cmr10!
Missing character: There is no ∏ in font cmr10!
Missing character: There is no ∫ in font cmr10!
Missing character: There is no Ë in font cmr10!
Missing character: There is no æ in font cmr10!
Missing character: There is no π in font cmr10!
Missing character: There is no ‰ in font cmr10!
Missing character: There is no ø in font cmr10!
Missing character: There is no ° in font cmr10!
Missing character: There is no Ê in font cmr10!
Missing character: There is no Å in font cmr10!
Missing character: There is no Ø in font cmr10!
Missing character: There is no Á in font cmr10!
Missing character: There is no © in font cmr10!
Missing character: There is no ∫ in font cmr10!
Missing character: There is no È in font cmr10!
Missing character: There is no ó in font cmr10!
Missing character: There is no ¥ in font cmr10!
Missing character: There is no Á in font cmr10!
Missing character: There is no õ in font cmr10!
Missing character: There is no ∏ in font cmr10!
Missing character: There is no Â in font cmr10!
Missing character: There is no Ö in font cmr10!
Missing character: There is no ≥ in font cmr10!
Missing character: There is no ‰ in font cmr10!
Missing character: There is no ø in font cmr10!
Missing character: There is no ° in font cmr10!
Missing character: There is no Ê in font cmr10!
Missing character: There is no Å in font cmr10!
Missing character: There is no Ø in font cmr10!
Missing character: There is no „ in font cmr10!
Missing character: There is no Ä in font cmr10!
Missing character: There is no Ç in font cmr10!
Missing character: There is no Â in font cmr10!
Missing character: There is no ü in font cmr10!
Missing character: There is no ∫ in font cmr10!
Missing character: There is no ‰ in font cmr10!
Missing character: There is no ∫ in font cmr10!
Missing character: There is no é in font cmr10!
Missing character: There is no Á in font cmr10!
Missing character: There is no Æ in font cmr10!
Missing character: There is no Ä in font cmr10!
Missing character: There is no Â in font cmr10!
Missing character: There is no ç in font cmr10!
Missing character: There is no ï in font cmr10!
Missing character: There is no Á in font cmr10!
Missing character: There is no º in font cmr10!
Missing character: There is no ñ in font cmr10!
Missing character: There is no Á in font cmr10!
Missing character: There is no † in font cmr10!
Missing character: There is no Å in font cmr10!
/Users/DongboHuang/Documents/Notes/SW/notes/mathbasis.tex:6: Undefined control sequence.
l.6     Âü∫‰∫éÁÆÄÂçïSWÁºñÁ†Å\cite
                                 {Srisooksai2012}ÔºåÂà©Áî®Áõ∏ÂÖ≥ÊÄßÂ∞ÜÁ†ÅÂ≠ó...
The control sequence at the end of the top line
of your error message was never \def'ed. If you have
misspelled it (e.g., `\hobx'), type `I' and the correct
spelling (e.g., `I\hbox'). Otherwise just continue,
and I'll forget about whatever was undefined.

Missing character: There is no Ô in font cmr10!
Missing character: There is no º in font cmr10!
Missing character: There is no å in font cmr10!
Missing character: There is no Â in font cmr10!
Missing character: There is no à in font cmr10!
Missing character: There is no © in font cmr10!
Missing character: There is no Á in font cmr10!
Missing character: There is no î in font cmr10!
Missing character: There is no ® in font cmr10!
Missing character: There is no Á in font cmr10!
Missing character: There is no õ in font cmr10!
Missing character: There is no ∏ in font cmr10!
Missing character: There is no Â in font cmr10!
Missing character: There is no Ö in font cmr10!
Missing character: There is no ≥ in font cmr10!
Missing character: There is no Ê in font cmr10!
Missing character: There is no Ä in font cmr10!
Missing character: There is no ß in font cmr10!
Missing character: There is no Â in font cmr10!
Missing character: There is no ∞ in font cmr10!
Missing character: There is no Ü in font cmr10!
Missing character: There is no Á in font cmr10!
Missing character: There is no † in font cmr10!
Missing character: There is no Å in font cmr10!
Missing character: There is no Â in font cmr10!
Missing character: There is no ≠ in font cmr10!
Missing character: There is no ó in font cmr10!
Missing character: There is no Â in font cmr10!
Missing character: There is no à in font cmr10!
Missing character: There is no Ü in font cmr10!
Missing character: There is no ‰ in font cmr10!
Missing character: There is no ∏ in font cmr10!
Missing character: There is no ™ in font cmr10!
Missing character: There is no Á in font cmr10!
Missing character: There is no ª in font cmr10!
Missing character: There is no Ñ in font cmr10!
Missing character: There is no Ô in font cmr10!
Missing character: There is no º in font cmr10!
Missing character: There is no å in font cmr10!
Missing character: There is no Á in font cmr10!
Missing character: There is no ∞ in font cmr10!
Missing character: There is no á in font cmr10!
Missing character: There is no Â in font cmr10!
Missing character: There is no Ü in font cmr10!
Missing character: There is no Ö in font cmr10!
Missing character: There is no Â in font cmr10!
Missing character: There is no Ö in font cmr10!
Missing character: There is no ∂ in font cmr10!
Missing character: There is no ‰ in font cmr10!
Missing character: There is no ª in font cmr10!
Missing character: There is no ñ in font cmr10!
Missing character: There is no Ë in font cmr10!
Missing character: There is no ä in font cmr10!
Missing character: There is no Ç in font cmr10!
Missing character: There is no Á in font cmr10!
Missing character: There is no Ç in font cmr10!
Missing character: There is no π in font cmr10!
Missing character: There is no Â in font cmr10!
Missing character: There is no è in font cmr10!
Missing character: There is no ™ in font cmr10!
Missing character: There is no È in font cmr10!
Missing character: There is no ú in font cmr10!
Missing character: There is no Ä in font cmr10!
Missing character: There is no Ë in font cmr10!
Missing character: There is no ¶ in font cmr10!
Missing character: There is no Å in font cmr10!
Missing character: There is no ‰ in font cmr10!
Missing character: There is no º in font cmr10!
Missing character: There is no † in font cmr10!
Missing character: There is no Ë in font cmr10!
Missing character: There is no æ in font cmr10!
Missing character: There is no ì in font cmr10!
Missing character: There is no Â in font cmr10!
Missing character: There is no ç in font cmr10!
Missing character: There is no ≥ in font cmr10!
Missing character: There is no Â in font cmr10!
Missing character: There is no è in font cmr10!
Missing character: There is no Ø in font cmr10!
Missing character: There is no Ô in font cmr10!
Missing character: There is no º in font cmr10!
Missing character: There is no å in font cmr10!
Missing character: There is no Ê in font cmr10!
Missing character: There is no à in font cmr10!
Missing character: There is no ë in font cmr10!
Missing character: There is no Ë in font cmr10!
Missing character: There is no ø in font cmr10!
Missing character: There is no ô in font cmr10!
Missing character: There is no È in font cmr10!
Missing character: There is no á in font cmr10!
Missing character: There is no å in font cmr10!
Missing character: There is no Â in font cmr10!
Missing character: There is no ∞ in font cmr10!
Missing character: There is no Ü in font cmr10!
Missing character: There is no Â in font cmr10!
Missing character: There is no Ö in font cmr10!
Missing character: There is no ∂ in font cmr10!
Missing character: There is no Â in font cmr10!
Missing character: There is no Æ in font cmr10!
Missing character: There is no ö in font cmr10!
Missing character: There is no ‰ in font cmr10!
Missing character: There is no π in font cmr10!
Missing character: There is no â in font cmr10!
Missing character: There is no ‰ in font cmr10!
Missing character: There is no ∏ in font cmr10!
Missing character: There is no ∫ in font cmr10!
Missing character: There is no ‰ in font cmr10!
Missing character: There is no ∏ in font cmr10!
Missing character: There is no Ä in font cmr10!
Missing character: There is no Á in font cmr10!
Missing character: There is no ª in font cmr10!
Missing character: There is no ¥ in font cmr10!
Missing character: There is no Á in font cmr10!
Missing character: There is no õ in font cmr10!
Missing character: There is no ∏ in font cmr10!
Missing character: There is no Â in font cmr10!
Missing character: There is no Ö in font cmr10!
Missing character: There is no ≥ in font cmr10!
Missing character: There is no Ê in font cmr10!
Missing character: There is no Ä in font cmr10!
Missing character: There is no ß in font cmr10!
Missing character: There is no Ô in font cmr10!
Missing character: There is no º in font cmr10!
Missing character: There is no õ in font cmr10!
Missing character: There is no Ë in font cmr10!
Missing character: There is no ã in font cmr10!
Missing character: There is no • in font cmr10!
Missing character: There is no Ê in font cmr10!
Missing character: There is no ú in font cmr10!
Missing character: There is no â in font cmr10!
Missing character: There is no Â in font cmr10!
Missing character: There is no è in font cmr10!
Missing character: There is no Ø in font cmr10!
Missing character: There is no Ë in font cmr10!
Missing character: There is no É in font cmr10!
Missing character: There is no Ω in font cmr10!
Missing character: There is no Ô in font cmr10!
Missing character: There is no º in font cmr10!
Missing character: There is no å in font cmr10!
Missing character: There is no Â in font cmr10!
Missing character: There is no ∞ in font cmr10!
Missing character: There is no Ü in font cmr10!
Missing character: There is no Ê in font cmr10!
Missing character: There is no ó in font cmr10!
Missing character: There is no ∂ in font cmr10!
Missing character: There is no È in font cmr10!
Missing character: There is no ó in font cmr10!
Missing character: There is no ¥ in font cmr10!
Missing character: There is no Á in font cmr10!
Missing character: There is no õ in font cmr10!
Missing character: There is no ∏ in font cmr10!
Missing character: There is no Â in font cmr10!
Missing character: There is no Ö in font cmr10!
Missing character: There is no ≥ in font cmr10!
Missing character: There is no Ê in font cmr10!
Missing character: There is no Ä in font cmr10!
Missing character: There is no ß in font cmr10!
Missing character: There is no Â in font cmr10!
Missing character: There is no ê in font cmr10!
Missing character: There is no å in font cmr10!
Missing character: There is no Ê in font cmr10!
Missing character: There is no ó in font cmr10!
Missing character: There is no ∂ in font cmr10!
Missing character: There is no Â in font cmr10!
Missing character: There is no à in font cmr10!
Missing character: There is no © in font cmr10!
Missing character: There is no Á in font cmr10!
Missing character: There is no î in font cmr10!
Missing character: There is no ® in font cmr10!
Missing character: There is no Á in font cmr10!
Missing character: There is no ö in font cmr10!
Missing character: There is no Ñ in font cmr10!
Missing character: There is no Ë in font cmr10!
Missing character: There is no Ø in font cmr10!
Missing character: There is no ù in font cmr10!
Missing character: There is no Ô in font cmr10!
Missing character: There is no º in font cmr10!
Missing character: There is no å in font cmr10!
Missing character: There is no Â in font cmr10!
Missing character: There is no à in font cmr10!
Missing character: There is no © in font cmr10!
Missing character: There is no Á in font cmr10!
Missing character: There is no î in font cmr10!
Missing character: There is no ® in font cmr10!
Missing character: There is no ‰ in font cmr10!
Missing character: There is no ∫ in font cmr10!
Missing character: There is no å in font cmr10!
Missing character: There is no Á in font cmr10!
Missing character: There is no ª in font cmr10!
Missing character: There is no ¥ in font cmr10!
Missing character: There is no Á in font cmr10!
Missing character: There is no õ in font cmr10!
Missing character: There is no ∏ in font cmr10!
Missing character: There is no Â in font cmr10!
Missing character: There is no Ö in font cmr10!
Missing character: There is no ≥ in font cmr10!
Missing character: There is no Ê in font cmr10!
Missing character: There is no Ä in font cmr10!
Missing character: There is no ß in font cmr10!
Missing character: There is no Ô in font cmr10!
Missing character: There is no º in font cmr10!
Missing character: There is no å in font cmr10!
Missing character: There is no Â in font cmr10!
Missing character: There is no è in font cmr10!
Missing character: There is no Ø in font cmr10!
Missing character: There is no Â in font cmr10!
Missing character: There is no ê in font cmr10!
Missing character: There is no ¶ in font cmr10!
Missing character: There is no Â in font cmr10!
Missing character: There is no ∞ in font cmr10!
Missing character: There is no Ü in font cmr10!
Missing character: There is no Â in font cmr10!
Missing character: There is no à in font cmr10!
Missing character: There is no Ü in font cmr10!
Missing character: There is no Á in font cmr10!
Missing character: There is no ª in font cmr10!
Missing character: There is no Ñ in font cmr10!
Missing character: There is no Â in font cmr10!
Missing character: There is no á in font cmr10!
Missing character: There is no è in font cmr10!
Missing character: There is no Â in font cmr10!
Missing character: There is no ∞ in font cmr10!
Missing character: There is no ë in font cmr10!
Missing character: There is no Ô in font cmr10!
Missing character: There is no º in font cmr10!
Missing character: There is no å in font cmr10!
Missing character: There is no Ë in font cmr10!
Missing character: There is no ø in font cmr10!
Missing character: There is no ô in font cmr10!
Missing character: There is no Ê in font cmr10!
Missing character: There is no † in font cmr10!
Missing character: There is no ∑ in font cmr10!
Missing character: There is no ‰ in font cmr10!
Missing character: There is no º in font cmr10!
Missing character: There is no † in font cmr10!
Missing character: There is no Ë in font cmr10!
Missing character: There is no æ in font cmr10!
Missing character: There is no ì in font cmr10!
Missing character: There is no Ê in font cmr10!
Missing character: There is no Ø in font cmr10!
Missing character: There is no î in font cmr10!
Missing character: There is no Á in font cmr10!
Missing character: There is no â in font cmr10!
Missing character: There is no π in font cmr10!
Missing character: There is no ‰ in font cmr10!
Missing character: There is no Ω in font cmr10!
Missing character: There is no ç in font cmr10!
Missing character: There is no Â in font cmr10!
Missing character: There is no ∞ in font cmr10!
Missing character: There is no Ü in font cmr10!
Missing character: There is no ‰ in font cmr10!
Missing character: There is no º in font cmr10!
Missing character: There is no ö in font cmr10!
Missing character: There is no Ê in font cmr10!
Missing character: There is no õ in font cmr10!
Missing character: There is no ¥ in font cmr10!
Missing character: There is no Â in font cmr10!
Missing character: There is no ∞ in font cmr10!
Missing character: There is no ë in font cmr10!
Missing character: There is no „ in font cmr10!
Missing character: There is no Ä in font cmr10!
Missing character: There is no Ç in font cmr10!
Missing character: There is no Â in font cmr10!
Missing character: There is no Ö in font cmr10!
Missing character: There is no ≥ in font cmr10!
Missing character: There is no ‰ in font cmr10!
Missing character: There is no ∫ in font cmr10!
Missing character: There is no é in font cmr10!
Missing character: There is no Á in font cmr10!
Missing character: There is no õ in font cmr10!
Missing character: There is no ∏ in font cmr10!
Missing character: There is no Â in font cmr10!
Missing character: There is no Ö in font cmr10!
Missing character: There is no ≥ in font cmr10!
Missing character: There is no Ê in font cmr10!
Missing character: There is no Ä in font cmr10!
Missing character: There is no ß in font cmr10!
Missing character: There is no Ê in font cmr10!
Missing character: There is no Ä in font cmr10!
Missing character: There is no ù in font cmr10!
Missing character: There is no Ë in font cmr10!
Missing character: There is no Ä in font cmr10!
Missing character: There is no É in font cmr10!
Missing character: There is no Ô in font cmr10!
Missing character: There is no º in font cmr10!
Missing character: There is no å in font cmr10!
Missing character: There is no Â in font cmr10!
Missing character: There is no ¶ in font cmr10!
Missing character: There is no Ç in font cmr10!
Missing character: There is no Ê in font cmr10!
Missing character: There is no û in font cmr10!
Missing character: There is no ú in font cmr10!
Missing character: There is no Â in font cmr10!
Missing character: There is no à in font cmr10!
Missing character: There is no © in font cmr10!
Missing character: There is no Á in font cmr10!
Missing character: There is no î in font cmr10!
Missing character: There is no ® in font cmr10!
Missing character: There is no Ê in font cmr10!
Missing character: There is no ñ in font cmr10!
Missing character: There is no π in font cmr10!
Missing character: There is no Ê in font cmr10!
Missing character: There is no ≥ in font cmr10!
Missing character: There is no ï in font cmr10!
Missing character: There is no Ô in font cmr10!
Missing character: There is no º in font cmr10!
Missing character: There is no å in font cmr10!
Missing character: There is no Â in font cmr10!
Missing character: There is no Å in font cmr10!
Missing character: There is no á in font cmr10!
Missing character: There is no Ë in font cmr10!
Missing character: There is no Æ in font cmr10!
Missing character: There is no æ in font cmr10!
Missing character: There is no Ê in font cmr10!
Missing character: There is no à in font cmr10!
Missing character: There is no ë in font cmr10!
Missing character: There is no ‰ in font cmr10!
Missing character: There is no ª in font cmr10!
Missing character: There is no ¨ in font cmr10!
Missing character: There is no È in font cmr10!
Missing character: There is no á in font cmr10!
Missing character: There is no á in font cmr10!
Missing character: There is no È in font cmr10!
Missing character: There is no õ in font cmr10!
Missing character: There is no Ü in font cmr10!
Missing character: There is no Á in font cmr10!
Missing character: There is no é in font cmr10!
Missing character: There is no Ø in font cmr10!
Missing character: There is no Â in font cmr10!
Missing character: There is no ¢ in font cmr10!
Missing character: There is no É in font cmr10!
Missing character: There is no Â in font cmr10!
Missing character: There is no è in font cmr10!
Missing character: There is no Ç in font cmr10!
Missing character: There is no Ê in font cmr10!
Missing character: There is no ï in font cmr10!
Missing character: There is no ∞ in font cmr10!
Missing character: There is no „ in font cmr10!
Missing character: There is no Ä in font cmr10!
Missing character: There is no Ç in font cmr10!
Missing character: There is no Â in font cmr10!
Missing character: There is no ∫ in font cmr10!
Missing character: There is no î in font cmr10!
Missing character: There is no Ë in font cmr10!
Missing character: There is no Ø in font cmr10!
Missing character: There is no • in font cmr10!
Missing character: There is no Â in font cmr10!
Missing character: There is no ∞ in font cmr10!
Missing character: There is no Ü in font cmr10!
Missing character: There is no Á in font cmr10!
Missing character: There is no é in font cmr10!
Missing character: There is no Ø in font cmr10!
Missing character: There is no Â in font cmr10!
Missing character: There is no ¢ in font cmr10!
Missing character: There is no É in font cmr10!
Missing character: There is no Â in font cmr10!
Missing character: There is no è in font cmr10!
Missing character: There is no Ç in font cmr10!
Missing character: There is no Ê in font cmr10!
Missing character: There is no ï in font cmr10!
Missing character: There is no ∞ in font cmr10!
Missing character: There is no È in font cmr10!
Missing character: There is no ö in font cmr10!
Missing character: There is no è in font cmr10!
Missing character: There is no Á in font cmr10!
Missing character: There is no ù in font cmr10!
Missing character: There is no Ä in font cmr10!
Missing character: There is no Ë in font cmr10!
Missing character: There is no ∑ in font cmr10!
Missing character: There is no ù in font cmr10!
Missing character: There is no Á in font cmr10!
Missing character: There is no ¶ in font cmr10!
Missing character: There is no ª in font cmr10!
Missing character: There is no Ô in font cmr10!
Missing character: There is no º in font cmr10!
Missing character: There is no å in font cmr10!
Missing character: There is no Ê in font cmr10!
Missing character: There is no ó in font cmr10!
Missing character: There is no ∂ in font cmr10!
Missing character: There is no È in font cmr10!
Missing character: There is no ó in font cmr10!
Missing character: There is no ¥ in font cmr10!
Missing character: There is no Á in font cmr10!
Missing character: There is no ö in font cmr10!
Missing character: There is no Ñ in font cmr10!
Missing character: There is no Â in font cmr10!
Missing character: There is no è in font cmr10!
Missing character: There is no ò in font cmr10!
Missing character: There is no Â in font cmr10!
Missing character: There is no å in font cmr10!
Missing character: There is no ñ in font cmr10!
Missing character: There is no Ê in font cmr10!
Missing character: There is no ò in font cmr10!
Missing character: There is no Ø in font cmr10!
Missing character: There is no Â in font cmr10!
Missing character: There is no ë in font cmr10!
Missing character: There is no à in font cmr10!
Missing character: There is no Á in font cmr10!
Missing character: There is no é in font cmr10!
Missing character: There is no ∞ in font cmr10!
Missing character: There is no Ê in font cmr10!
Missing character: There is no Ä in font cmr10!
Missing character: There is no é in font cmr10!
Missing character: There is no Ê in font cmr10!
Missing character: There is no † in font cmr10!
Missing character: There is no ∑ in font cmr10!
Missing character: There is no Á in font cmr10!
Missing character: There is no ö in font cmr10!
Missing character: There is no Ñ in font cmr10!
Missing character: There is no Â in font cmr10!
Missing character: There is no à in font cmr10!
Missing character: There is no Ü in font cmr10!
Missing character: There is no Â in font cmr10!
Missing character: There is no ∏ in font cmr10!
Missing character: There is no É in font cmr10!
Missing character: There is no Ô in font cmr10!
Missing character: There is no º in font cmr10!
Missing character: There is no ü in font cmr10!
[1{/usr/local/texlive/2015/texmf-var/fonts/map/pdftex/updmap/pdftex.map}] )</usr/local/texlive/2015/texmf-dist/fonts/type1/public/amsfonts/cm/cmr10.pfb>
Output written on /Users/DongboHuang/Documents/Notes/SW/notes/.texpadtmp/mathbasis.pdf (1 page, 16082 bytes).
PDF statistics:
 12 PDF objects out of 1000 (max. 8388607)
 7 compressed objects within 1 object stream
 0 named destinations out of 1000 (max. 500000)
 1 words of extra memory for PDF output out of 10000 (max. 10000000)

